Arguments: 
  /usr/bin/node /usr/local/bin/yarn

PATH: 
  /home/stonecode/Labo/JS/sie/shell/node_modules/.bin:/usr/local/sbin:/usr/local/bin:/usr/sbin:/usr/bin:/sbin:/bin:/usr/local/games:/usr/games:/opt/pycharm-2020.1/bin/:/opt/android-studio/bin/:/opt/oracle/jdev/jdeveloper/jdev/bin/:/opt/idea-IU-201.6668.121/bin/:/opt/forge-distribution-3.0.0.Alpha3/bin:/usr/lib/jvm/jdk1.8.0_291/bin:/opt/wildfly-14.0.1.Final/bin/:/opt/WebStorm-211.7628.25/bin/:/opt/pycharm-2020.1/bin/:/opt/android-studio/bin/:/opt/oracle/jdev/jdeveloper/jdev/bin/:/opt/idea-IU-201.6668.121/bin/:/opt/forge-distribution-3.0.0.Alpha3/bin:/usr/lib/jvm/jdk1.8.0_291/bin:/opt/wildfly-14.0.1.Final/bin/:/opt/WebStorm-211.7628.25/bin/

Yarn version: 
  1.22.10

Node version: 
  12.21.0

Platform: 
  linux x64

Trace: 
  SyntaxError: /home/stonecode/Labo/JS/sie/shell/package.json: Unexpected token } in JSON at position 386
      at JSON.parse (<anonymous>)
      at /usr/local/lib/node_modules/yarn/lib/cli.js:1625:59
      at Generator.next (<anonymous>)
      at step (/usr/local/lib/node_modules/yarn/lib/cli.js:310:30)
      at /usr/local/lib/node_modules/yarn/lib/cli.js:321:13

npm manifest: 
  {
      "name": "redux-micro-frontend-sample-shell",
      "version": "0.0.0",
      "license": "MIT",
      "description": "This is an app as the MF shell",
      "scripts": {
          "build": "webpack",
          "start": "webpack serve"
      },
      "private": true,
      "dependencies": {
          "react": "^16.14.0",
          "react-dom": "^16.14.0",
          "redux-micro-frontend": "^1.1.1",
      },
      "devDependencies": {
          "clean-webpack-plugin": "^3.0.0",
          "css-loader": "^5.0.0",
          "html-webpack-plugin": "^4.5.0",
          "style-loader": "^2.0.0",
          "webpack": "^5.1.3",
          "webpack-cli": "^4.1.0",
          "webpack-dev-server": "^3.11.2"
      },
  }

yarn manifest: 
  No manifest

Lockfile: 
  No lockfile
